Build started 20.06.2016 13:56:28.
     1>Project "e:\Users\EYA\GMD\Sleipner_final\brom\build\ZERO_CHECK.vcxproj" on node 2 (Rebuild target(s)).
     1>CustomBuild:
         Checking Build System
         CMake does not need to re-run because e:/Users/EYA/GMD/Sleipner_final/brom/build/CMakeFiles/generate.stamp is up-to-date.
         CMake does not need to re-run because e:/Users/EYA/GMD/Sleipner_final/brom/build/fabm/CMakeFiles/generate.stamp is up-to-date.
         CMake does not need to re-run because e:/Users/EYA/GMD/Sleipner_final/brom/build/fabm/models/aed/CMakeFiles/generate.stamp is up-to-date.
         CMake does not need to re-run because e:/Users/EYA/GMD/Sleipner_final/brom/build/fabm/models/hzg/CMakeFiles/generate.stamp is up-to-date.
         CMake does not need to re-run because e:/Users/EYA/GMD/Sleipner_final/brom/build/fabm/models/iow/CMakeFiles/generate.stamp is up-to-date.
         CMake does not need to re-run because e:/Users/EYA/GMD/Sleipner_final/brom/build/fabm/models/klimacampus/CMakeFiles/generate.stamp is up-to-date.
         CMake does not need to re-run because e:/Users/EYA/GMD/Sleipner_final/brom/build/fabm/models/metu/CMakeFiles/generate.stamp is up-to-date.
         CMake does not need to re-run because e:/Users/EYA/GMD/Sleipner_final/brom/build/fabm/models/msi/CMakeFiles/generate.stamp is up-to-date.
         CMake does not need to re-run because e:/Users/EYA/GMD/Sleipner_final/brom/build/fabm/models/au/CMakeFiles/generate.stamp is up-to-date.
         CMake does not need to re-run because e:/Users/EYA/GMD/Sleipner_final/brom/build/fabm/models/bb/CMakeFiles/generate.stamp is up-to-date.
         CMake does not need to re-run because e:/Users/EYA/GMD/Sleipner_final/brom/build/fabm/models/examples/CMakeFiles/generate.stamp is up-to-date.
         CMake does not need to re-run because e:/Users/EYA/GMD/Sleipner_final/brom/build/fabm/models/gotm/CMakeFiles/generate.stamp is up-to-date.
         CMake does not need to re-run because e:/Users/EYA/GMD/Sleipner_final/brom/build/fabm/models/pclake/CMakeFiles/generate.stamp is up-to-date.
         CMake does not need to re-run because e:/Users/EYA/GMD/Sleipner_final/brom/build/fabm/models/pml/CMakeFiles/generate.stamp is up-to-date.
         CMake does not need to re-run because e:/Users/EYA/GMD/Sleipner_final/brom/build/fabm/models/niva/CMakeFiles/generate.stamp is up-to-date.
     1>Done Building Project "e:\Users\EYA\GMD\Sleipner_final\brom\build\ZERO_CHECK.vcxproj" (Rebuild target(s)).

Build succeeded.

Time Elapsed 00:00:00.33
